<?xml version="1.0" encoding="UTF-8"?>
<!-- Generated by org.testng.reporters.JUnitXMLReporter -->
<testsuite ignored="0" hostname="Denizs-MBP-2.fios-router.home" failures="0" tests="6" name="Command line test" time="63.361" errors="0" timestamp="2022-06-17T23:24:44 EDT">
  <testcase classname="scripts.CarvanaTest" name="testCarvanaTitleAndURL" time="1.589"/>
  <testcase classname="scripts.CarvanaTest" name="testCarvanaLogo" time="1.617"/>
  <testcase classname="scripts.CarvanaTest" name="testMainMenu" time="1.759"/>
  <testcase classname="scripts.CarvanaTest" name="testSignInErrorMessages" time="3.341"/>
  <testcase classname="scripts.CarvanaTest" name="testFilterOptions" time="13.174"/>
  <testcase classname="scripts.CarvanaTest" name="testSearchResultTiles" time="16.958"/>
</testsuite> <!-- Command line test -->
